<?xml version="1.0" encoding="UTF-8"?>
<!-- Generated by org.testng.reporters.JUnitXMLReporter -->
<testsuite ignored="0" hostname="LAPTOP-8USUBBG6" failures="0" tests="4" name="Test1" time="10.427" errors="0" timestamp="2023-09-07T14:22:53 IST">
  <testcase classname="api.test.UserTests" name="testPostUser" time="3.118"/>
  <testcase classname="api.test.UserTests" name="testGetUserByName" time="1.743"/>
  <testcase classname="api.test.UserTests" name="testUpdateUserByName" time="3.786"/>
  <testcase classname="api.test.UserTests" name="testDeleteUserByName" time="1.621"/>
</testsuite> <!-- Test1 -->
