<?xml version="1.0" encoding="UTF-8"?>
<!-- Generated by org.testng.reporters.JUnitXMLReporter -->
<testsuite ignored="0" hostname="LAPTOP-8USUBBG6" failures="0" tests="16" name="Test1" time="36.509" errors="0" timestamp="2023-09-08T15:03:10 IST">
  <testcase classname="api.test.UserTests" name="testPostUser" time="3.862"/>
  <testcase classname="api.test.UserTests" name="testGetUserByName" time="1.794"/>
  <testcase classname="api.test.UserTests" name="testUpdateUserByName" time="3.363"/>
  <testcase classname="api.test.UserTests" name="testDeleteUserByName" time="5.229"/>
  <testcase classname="api.test.DataDrivenTest" name="dataDrivenPostUser" time="1.385"/>
  <testcase classname="api.test.DataDrivenTest" name="dataDrivenPostUser" time="1.361"/>
  <testcase classname="api.test.DataDrivenTest" name="dataDrivenPostUser" time="1.356"/>
  <testcase classname="api.test.DataDrivenTest" name="dataDrivenPostUser" time="1.732"/>
  <testcase classname="api.test.DataDrivenTest" name="dataDrivenPostUser" time="1.558"/>
  <testcase classname="api.test.DataDrivenTest" name="dataDrivenPostUser" time="1.359"/>
  <testcase classname="api.test.DataDrivenTest" name="testGetUserByName" time="1.77"/>
  <testcase classname="api.test.DataDrivenTest" name="testGetUserByName" time="2.181"/>
  <testcase classname="api.test.DataDrivenTest" name="testGetUserByName" time="1.975"/>
  <testcase classname="api.test.DataDrivenTest" name="testGetUserByName" time="1.913"/>
  <testcase classname="api.test.DataDrivenTest" name="testGetUserByName" time="2.659"/>
  <testcase classname="api.test.DataDrivenTest" name="testGetUserByName" time="1.497"/>
</testsuite> <!-- Test1 -->
