<?xml version="1.0" encoding="UTF-8"?>
<!-- Generated by org.testng.reporters.JUnitXMLReporter -->
<testsuite ignored="3" hostname="LAPTOP-8USUBBG6" failures="0" tests="1" name="Default test" time="2.447" errors="0" timestamp="2023-10-06T22:31:33 IST">
  <testcase classname="api.test.BookTest" name="test_getBookById" time="2.421"/>
  <testcase classname="api.test.BookTest" name="test_createBook" time="0.0">
    <ignored/>
  </testcase> <!-- test_createBook -->
  <testcase classname="api.test.BookTest" name="test_updateBook" time="0.0">
    <ignored/>
  </testcase> <!-- test_updateBook -->
  <testcase classname="api.test.BookTest" name="test_getBooks" time="0.0">
    <ignored/>
  </testcase> <!-- test_getBooks -->
</testsuite> <!-- Default test -->
