<?xml version="1.0" encoding="UTF-8"?>
<!-- Generated by org.testng.reporters.JUnitXMLReporter -->
<testsuite ignored="0" hostname="LAPTOP-8USUBBG6" failures="0" tests="3" name="Default test" time="5.107" errors="0" timestamp="2023-09-16T22:29:46 IST">
  <testcase classname="api.test.PetModel_Tests" name="testCreatePet" time="2.5"/>
  <testcase classname="api.test.PetModel_Tests" name="testFindPetByStatus" time="1.207"/>
  <testcase classname="api.test.PetModel_Tests" name="testFindPetById" time="1.208"/>
</testsuite> <!-- Default test -->
