<?xml version="1.0" encoding="UTF-8"?>
<testng-results ignored="0" total="20" passed="20" failed="0" skipped="0">
  <reporter-output>
  </reporter-output>
  <suite started-at="2023-09-17T12:07:52 IST" name="ApiSuite" finished-at="2023-09-17T12:08:26 IST" duration-ms="33808">
    <groups>
    </groups>
    <test started-at="2023-09-17T12:07:52 IST" name="Test1" finished-at="2023-09-17T12:08:26 IST" duration-ms="33808">
      <class name="api.test.PetModel_Tests">
        <test-method is-config="true" signature="setupData()[pri:0, instance:api.test.PetModel_Tests@c730b35]" started-at="2023-09-17T12:08:21 IST" name="setupData" finished-at="2023-09-17T12:08:21 IST" duration-ms="45" status="PASS">
          <reporter-output>
          </reporter-output>
        </test-method> <!-- setupData -->
        <test-method signature="testCreatePet()[pri:1, instance:api.test.PetModel_Tests@c730b35]" started-at="2023-09-17T12:08:21 IST" name="testCreatePet" finished-at="2023-09-17T12:08:23 IST" duration-ms="1392" status="PASS">
          <reporter-output>
          </reporter-output>
        </test-method> <!-- testCreatePet -->
        <test-method signature="testFindPetByStatus()[pri:2, instance:api.test.PetModel_Tests@c730b35]" started-at="2023-09-17T12:08:23 IST" name="testFindPetByStatus" finished-at="2023-09-17T12:08:24 IST" duration-ms="1327" status="PASS">
          <reporter-output>
          </reporter-output>
        </test-method> <!-- testFindPetByStatus -->
        <test-method signature="testFindPetById()[pri:3, instance:api.test.PetModel_Tests@c730b35]" started-at="2023-09-17T12:08:24 IST" name="testFindPetById" finished-at="2023-09-17T12:08:25 IST" duration-ms="1311" status="PASS">
          <reporter-output>
          </reporter-output>
        </test-method> <!-- testFindPetById -->
      </class> <!-- api.test.PetModel_Tests -->
      <class name="api.test.ReqresTests">
        <test-method is-config="true" signature="setupData()[pri:0, instance:api.test.ReqresTests@292b08d6]" started-at="2023-09-17T12:08:25 IST" name="setupData" finished-at="2023-09-17T12:08:25 IST" duration-ms="31" status="PASS">
          <reporter-output>
          </reporter-output>
        </test-method> <!-- setupData -->
        <test-method signature="reqresCreateUser()[pri:0, instance:api.test.ReqresTests@292b08d6]" started-at="2023-09-17T12:08:25 IST" name="reqresCreateUser" finished-at="2023-09-17T12:08:26 IST" duration-ms="612" status="PASS">
          <reporter-output>
          </reporter-output>
        </test-method> <!-- reqresCreateUser -->
      </class> <!-- api.test.ReqresTests -->
      <class name="api.test.DataDrivenTest">
        <test-method signature="dataDrivenPostUser(java.lang.String,java.lang.String,java.lang.String,java.lang.String,java.lang.String,java.lang.String,java.lang.String,java.lang.String)[pri:1, instance:api.test.DataDrivenTest@6c6cb480]" started-at="2023-09-17T12:08:05 IST" name="dataDrivenPostUser" data-provider="AllData" finished-at="2023-09-17T12:08:06 IST" duration-ms="1191" status="PASS">
          <params>
            <param index="0">
              <value>
                <![CDATA[8833220]]>
              </value>
            </param>
            <param index="1">
              <value>
                <![CDATA[jjfjjuue88883kke]]>
              </value>
            </param>
            <param index="2">
              <value>
                <![CDATA[PPPPjjjj]]>
              </value>
            </param>
            <param index="3">
              <value>
                <![CDATA[LLLLjj888]]>
              </value>
            </param>
            <param index="4">
              <value>
                <![CDATA[a@gmail.com]]>
              </value>
            </param>
            <param index="5">
              <value>
                <![CDATA[test@1]]>
              </value>
            </param>
            <param index="6">
              <value>
                <![CDATA[123456789]]>
              </value>
            </param>
            <param index="7">
              <value>
                <![CDATA[1]]>
              </value>
            </param>
          </params>
          <reporter-output>
          </reporter-output>
        </test-method> <!-- dataDrivenPostUser -->
        <test-method signature="dataDrivenPostUser(java.lang.String,java.lang.String,java.lang.String,java.lang.String,java.lang.String,java.lang.String,java.lang.String,java.lang.String)[pri:1, instance:api.test.DataDrivenTest@6c6cb480]" started-at="2023-09-17T12:08:06 IST" name="dataDrivenPostUser" data-provider="AllData" finished-at="2023-09-17T12:08:07 IST" duration-ms="1530" status="PASS">
          <params>
            <param index="0">
              <value>
                <![CDATA[8847700]]>
              </value>
            </param>
            <param index="1">
              <value>
                <![CDATA[fgfgnnhn3434hhg]]>
              </value>
            </param>
            <param index="2">
              <value>
                <![CDATA[UUUU666]]>
              </value>
            </param>
            <param index="3">
              <value>
                <![CDATA[LLL8848u]]>
              </value>
            </param>
            <param index="4">
              <value>
                <![CDATA[c@gmail.com]]>
              </value>
            </param>
            <param index="5">
              <value>
                <![CDATA[test@3]]>
              </value>
            </param>
            <param index="6">
              <value>
                <![CDATA[333336666]]>
              </value>
            </param>
            <param index="7">
              <value>
                <![CDATA[2]]>
              </value>
            </param>
          </params>
          <reporter-output>
          </reporter-output>
        </test-method> <!-- dataDrivenPostUser -->
        <test-method signature="dataDrivenPostUser(java.lang.String,java.lang.String,java.lang.String,java.lang.String,java.lang.String,java.lang.String,java.lang.String,java.lang.String)[pri:1, instance:api.test.DataDrivenTest@6c6cb480]" started-at="2023-09-17T12:08:07 IST" name="dataDrivenPostUser" data-provider="AllData" finished-at="2023-09-17T12:08:09 IST" duration-ms="1208" status="PASS">
          <params>
            <param index="0">
              <value>
                <![CDATA[8673009]]>
              </value>
            </param>
            <param index="1">
              <value>
                <![CDATA[hjkhk784884ddkkll]]>
              </value>
            </param>
            <param index="2">
              <value>
                <![CDATA[KKLLyy8]]>
              </value>
            </param>
            <param index="3">
              <value>
                <![CDATA[Lggfhf990]]>
              </value>
            </param>
            <param index="4">
              <value>
                <![CDATA[a@gmail.com]]>
              </value>
            </param>
            <param index="5">
              <value>
                <![CDATA[test@1]]>
              </value>
            </param>
            <param index="6">
              <value>
                <![CDATA[123456789]]>
              </value>
            </param>
            <param index="7">
              <value>
                <![CDATA[1]]>
              </value>
            </param>
          </params>
          <reporter-output>
          </reporter-output>
        </test-method> <!-- dataDrivenPostUser -->
        <test-method signature="dataDrivenPostUser(java.lang.String,java.lang.String,java.lang.String,java.lang.String,java.lang.String,java.lang.String,java.lang.String,java.lang.String)[pri:1, instance:api.test.DataDrivenTest@6c6cb480]" started-at="2023-09-17T12:08:09 IST" name="dataDrivenPostUser" data-provider="AllData" finished-at="2023-09-17T12:08:10 IST" duration-ms="1288" status="PASS">
          <params>
            <param index="0">
              <value>
                <![CDATA[8994009]]>
              </value>
            </param>
            <param index="1">
              <value>
                <![CDATA[kkghhgj0004848pp]]>
              </value>
            </param>
            <param index="2">
              <value>
                <![CDATA[PPBBB88]]>
              </value>
            </param>
            <param index="3">
              <value>
                <![CDATA[LL332ddd]]>
              </value>
            </param>
            <param index="4">
              <value>
                <![CDATA[c@gmail.com]]>
              </value>
            </param>
            <param index="5">
              <value>
                <![CDATA[test@3]]>
              </value>
            </param>
            <param index="6">
              <value>
                <![CDATA[333336666]]>
              </value>
            </param>
            <param index="7">
              <value>
                <![CDATA[2]]>
              </value>
            </param>
          </params>
          <reporter-output>
          </reporter-output>
        </test-method> <!-- dataDrivenPostUser -->
        <test-method signature="dataDrivenPostUser(java.lang.String,java.lang.String,java.lang.String,java.lang.String,java.lang.String,java.lang.String,java.lang.String,java.lang.String)[pri:1, instance:api.test.DataDrivenTest@6c6cb480]" started-at="2023-09-17T12:08:10 IST" name="dataDrivenPostUser" data-provider="AllData" finished-at="2023-09-17T12:08:11 IST" duration-ms="1334" status="PASS">
          <params>
            <param index="0">
              <value>
                <![CDATA[6773899]]>
              </value>
            </param>
            <param index="1">
              <value>
                <![CDATA[heewwyyy0094477]]>
              </value>
            </param>
            <param index="2">
              <value>
                <![CDATA[RRREE7]]>
              </value>
            </param>
            <param index="3">
              <value>
                <![CDATA[LL7737hhnh]]>
              </value>
            </param>
            <param index="4">
              <value>
                <![CDATA[a@gmail.com]]>
              </value>
            </param>
            <param index="5">
              <value>
                <![CDATA[test@1]]>
              </value>
            </param>
            <param index="6">
              <value>
                <![CDATA[123456789]]>
              </value>
            </param>
            <param index="7">
              <value>
                <![CDATA[1]]>
              </value>
            </param>
          </params>
          <reporter-output>
          </reporter-output>
        </test-method> <!-- dataDrivenPostUser -->
        <test-method signature="dataDrivenPostUser(java.lang.String,java.lang.String,java.lang.String,java.lang.String,java.lang.String,java.lang.String,java.lang.String,java.lang.String)[pri:1, instance:api.test.DataDrivenTest@6c6cb480]" started-at="2023-09-17T12:08:11 IST" name="dataDrivenPostUser" data-provider="AllData" finished-at="2023-09-17T12:08:13 IST" duration-ms="1338" status="PASS">
          <params>
            <param index="0">
              <value>
                <![CDATA[88400526]]>
              </value>
            </param>
            <param index="1">
              <value>
                <![CDATA[jdsjdjjdyyer77662]]>
              </value>
            </param>
            <param index="2">
              <value>
                <![CDATA[OOKKK]]>
              </value>
            </param>
            <param index="3">
              <value>
                <![CDATA[LLhghfjhfj88]]>
              </value>
            </param>
            <param index="4">
              <value>
                <![CDATA[c@gmail.com]]>
              </value>
            </param>
            <param index="5">
              <value>
                <![CDATA[test@3]]>
              </value>
            </param>
            <param index="6">
              <value>
                <![CDATA[333336666]]>
              </value>
            </param>
            <param index="7">
              <value>
                <![CDATA[2]]>
              </value>
            </param>
          </params>
          <reporter-output>
          </reporter-output>
        </test-method> <!-- dataDrivenPostUser -->
        <test-method signature="testGetUserByName(java.lang.String)[pri:2, instance:api.test.DataDrivenTest@6c6cb480]" started-at="2023-09-17T12:08:13 IST" name="testGetUserByName" data-provider="UserNamesData" finished-at="2023-09-17T12:08:14 IST" duration-ms="1495" status="PASS">
          <params>
            <param index="0">
              <value>
                <![CDATA[jjfjjuue88883kke]]>
              </value>
            </param>
          </params>
          <reporter-output>
          </reporter-output>
        </test-method> <!-- testGetUserByName -->
        <test-method signature="testGetUserByName(java.lang.String)[pri:2, instance:api.test.DataDrivenTest@6c6cb480]" started-at="2023-09-17T12:08:14 IST" name="testGetUserByName" data-provider="UserNamesData" finished-at="2023-09-17T12:08:16 IST" duration-ms="1427" status="PASS">
          <params>
            <param index="0">
              <value>
                <![CDATA[fgfgnnhn3434hhg]]>
              </value>
            </param>
          </params>
          <reporter-output>
          </reporter-output>
        </test-method> <!-- testGetUserByName -->
        <test-method signature="testGetUserByName(java.lang.String)[pri:2, instance:api.test.DataDrivenTest@6c6cb480]" started-at="2023-09-17T12:08:16 IST" name="testGetUserByName" data-provider="UserNamesData" finished-at="2023-09-17T12:08:17 IST" duration-ms="1529" status="PASS">
          <params>
            <param index="0">
              <value>
                <![CDATA[hjkhk784884ddkkll]]>
              </value>
            </param>
          </params>
          <reporter-output>
          </reporter-output>
        </test-method> <!-- testGetUserByName -->
        <test-method signature="testGetUserByName(java.lang.String)[pri:2, instance:api.test.DataDrivenTest@6c6cb480]" started-at="2023-09-17T12:08:17 IST" name="testGetUserByName" data-provider="UserNamesData" finished-at="2023-09-17T12:08:19 IST" duration-ms="1438" status="PASS">
          <params>
            <param index="0">
              <value>
                <![CDATA[kkghhgj0004848pp]]>
              </value>
            </param>
          </params>
          <reporter-output>
          </reporter-output>
        </test-method> <!-- testGetUserByName -->
        <test-method signature="testGetUserByName(java.lang.String)[pri:2, instance:api.test.DataDrivenTest@6c6cb480]" started-at="2023-09-17T12:08:19 IST" name="testGetUserByName" data-provider="UserNamesData" finished-at="2023-09-17T12:08:20 IST" duration-ms="1436" status="PASS">
          <params>
            <param index="0">
              <value>
                <![CDATA[heewwyyy0094477]]>
              </value>
            </param>
          </params>
          <reporter-output>
          </reporter-output>
        </test-method> <!-- testGetUserByName -->
        <test-method signature="testGetUserByName(java.lang.String)[pri:2, instance:api.test.DataDrivenTest@6c6cb480]" started-at="2023-09-17T12:08:20 IST" name="testGetUserByName" data-provider="UserNamesData" finished-at="2023-09-17T12:08:21 IST" duration-ms="1329" status="PASS">
          <params>
            <param index="0">
              <value>
                <![CDATA[jdsjdjjdyyer77662]]>
              </value>
            </param>
          </params>
          <reporter-output>
          </reporter-output>
        </test-method> <!-- testGetUserByName -->
      </class> <!-- api.test.DataDrivenTest -->
      <class name="api.test.UserTests">
        <test-method is-config="true" signature="setupData()[pri:0, instance:api.test.UserTests@175c2241]" started-at="2023-09-17T12:07:52 IST" name="setupData" finished-at="2023-09-17T12:07:53 IST" duration-ms="267" status="PASS">
          <reporter-output>
          </reporter-output>
        </test-method> <!-- setupData -->
        <test-method signature="testPostUser()[pri:1, instance:api.test.UserTests@175c2241]" started-at="2023-09-17T12:07:53 IST" name="testPostUser" finished-at="2023-09-17T12:07:56 IST" duration-ms="3202" status="PASS">
          <reporter-output>
          </reporter-output>
        </test-method> <!-- testPostUser -->
        <test-method signature="testGetUserByName()[pri:2, instance:api.test.UserTests@175c2241]" started-at="2023-09-17T12:07:56 IST" name="testGetUserByName" finished-at="2023-09-17T12:07:57 IST" duration-ms="1450" status="PASS">
          <reporter-output>
          </reporter-output>
        </test-method> <!-- testGetUserByName -->
        <test-method signature="testUpdateUserByName()[pri:3, instance:api.test.UserTests@175c2241]" started-at="2023-09-17T12:07:57 IST" name="testUpdateUserByName" finished-at="2023-09-17T12:08:01 IST" duration-ms="3176" status="PASS">
          <reporter-output>
          </reporter-output>
        </test-method> <!-- testUpdateUserByName -->
        <test-method signature="testDeleteUserByName()[pri:4, instance:api.test.UserTests@175c2241]" started-at="2023-09-17T12:08:01 IST" name="testDeleteUserByName" finished-at="2023-09-17T12:08:04 IST" duration-ms="2959" status="PASS">
          <reporter-output>
          </reporter-output>
        </test-method> <!-- testDeleteUserByName -->
      </class> <!-- api.test.UserTests -->
    </test> <!-- Test1 -->
  </suite> <!-- ApiSuite -->
</testng-results>
