<?xml version="1.0" encoding="UTF-8"?>
<testng-results ignored="0" total="1" passed="1" failed="0" skipped="0">
  <reporter-output>
  </reporter-output>
  <suite started-at="2023-09-07T11:22:31 IST" name="ApiSuite" finished-at="2023-09-07T11:22:31 IST" duration-ms="31">
    <groups>
    </groups>
    <test started-at="2023-09-07T11:22:31 IST" name="Test1" finished-at="2023-09-07T11:22:31 IST" duration-ms="31">
      <class name="api.test.Test1">
        <test-method signature="readValue()[pri:0, instance:api.test.Test1@74f0ea28]" started-at="2023-09-07T11:22:31 IST" name="readValue" finished-at="2023-09-07T11:22:31 IST" duration-ms="0" status="PASS">
          <reporter-output>
          </reporter-output>
        </test-method> <!-- readValue -->
      </class> <!-- api.test.Test1 -->
    </test> <!-- Test1 -->
  </suite> <!-- ApiSuite -->
</testng-results>
