<?xml version="1.0" encoding="UTF-8"?>
<testng-results ignored="0" total="3" passed="3" failed="0" skipped="0">
  <reporter-output>
  </reporter-output>
  <suite started-at="2023-09-17T20:14:37 IST" name="Default suite" finished-at="2023-09-17T20:14:43 IST" duration-ms="5454">
    <groups>
    </groups>
    <test started-at="2023-09-17T20:14:37 IST" name="Default test" finished-at="2023-09-17T20:14:43 IST" duration-ms="5454">
      <class name="api.test.PetModel_Tests">
        <test-method is-config="true" signature="setupData()[pri:0, instance:api.test.PetModel_Tests@79d8407f]" started-at="2023-09-17T20:14:37 IST" name="setupData" finished-at="2023-09-17T20:14:37 IST" duration-ms="183" status="PASS">
          <reporter-output>
          </reporter-output>
        </test-method> <!-- setupData -->
        <test-method signature="testCreatePet()[pri:1, instance:api.test.PetModel_Tests@79d8407f]" started-at="2023-09-17T20:14:37 IST" name="testCreatePet" finished-at="2023-09-17T20:14:40 IST" duration-ms="2750" status="PASS">
          <reporter-output>
          </reporter-output>
        </test-method> <!-- testCreatePet -->
        <test-method signature="testFindPetByStatus()[pri:2, instance:api.test.PetModel_Tests@79d8407f]" started-at="2023-09-17T20:14:40 IST" name="testFindPetByStatus" finished-at="2023-09-17T20:14:41 IST" duration-ms="1260" status="PASS">
          <reporter-output>
          </reporter-output>
        </test-method> <!-- testFindPetByStatus -->
        <test-method signature="testFindPetById()[pri:3, instance:api.test.PetModel_Tests@79d8407f]" started-at="2023-09-17T20:14:41 IST" name="testFindPetById" finished-at="2023-09-17T20:14:43 IST" duration-ms="1227" status="PASS">
          <reporter-output>
          </reporter-output>
        </test-method> <!-- testFindPetById -->
      </class> <!-- api.test.PetModel_Tests -->
    </test> <!-- Default test -->
  </suite> <!-- Default suite -->
</testng-results>
