<?xml version="1.0" encoding="UTF-8"?>
<testng-results ignored="0" total="16" passed="16" failed="0" skipped="0">
  <reporter-output>
  </reporter-output>
  <suite started-at="2023-09-08T21:47:59 IST" name="ApiSuite" finished-at="2023-09-08T21:48:22 IST" duration-ms="23251">
    <groups>
    </groups>
    <test started-at="2023-09-08T21:47:59 IST" name="Test1" finished-at="2023-09-08T21:48:22 IST" duration-ms="23251">
      <class name="api.test.DataDrivenTest">
        <test-method signature="dataDrivenPostUser(java.lang.String,java.lang.String,java.lang.String,java.lang.String,java.lang.String,java.lang.String,java.lang.String,java.lang.String)[pri:1, instance:api.test.DataDrivenTest@33c911a1]" started-at="2023-09-08T21:48:08 IST" name="dataDrivenPostUser" data-provider="AllData" finished-at="2023-09-08T21:48:10 IST" duration-ms="1096" status="PASS">
          <params>
            <param index="0">
              <value>
                <![CDATA[8833220]]>
              </value>
            </param>
            <param index="1">
              <value>
                <![CDATA[jjfjjuue88883kke]]>
              </value>
            </param>
            <param index="2">
              <value>
                <![CDATA[PPPPjjjj]]>
              </value>
            </param>
            <param index="3">
              <value>
                <![CDATA[LLLLjj888]]>
              </value>
            </param>
            <param index="4">
              <value>
                <![CDATA[a@gmail.com]]>
              </value>
            </param>
            <param index="5">
              <value>
                <![CDATA[test@1]]>
              </value>
            </param>
            <param index="6">
              <value>
                <![CDATA[123456789]]>
              </value>
            </param>
            <param index="7">
              <value>
                <![CDATA[1]]>
              </value>
            </param>
          </params>
          <reporter-output>
          </reporter-output>
        </test-method> <!-- dataDrivenPostUser -->
        <test-method signature="dataDrivenPostUser(java.lang.String,java.lang.String,java.lang.String,java.lang.String,java.lang.String,java.lang.String,java.lang.String,java.lang.String)[pri:1, instance:api.test.DataDrivenTest@33c911a1]" started-at="2023-09-08T21:48:10 IST" name="dataDrivenPostUser" data-provider="AllData" finished-at="2023-09-08T21:48:11 IST" duration-ms="1088" status="PASS">
          <params>
            <param index="0">
              <value>
                <![CDATA[8847700]]>
              </value>
            </param>
            <param index="1">
              <value>
                <![CDATA[fgfgnnhn3434hhg]]>
              </value>
            </param>
            <param index="2">
              <value>
                <![CDATA[UUUU666]]>
              </value>
            </param>
            <param index="3">
              <value>
                <![CDATA[LLL8848u]]>
              </value>
            </param>
            <param index="4">
              <value>
                <![CDATA[c@gmail.com]]>
              </value>
            </param>
            <param index="5">
              <value>
                <![CDATA[test@3]]>
              </value>
            </param>
            <param index="6">
              <value>
                <![CDATA[333336666]]>
              </value>
            </param>
            <param index="7">
              <value>
                <![CDATA[2]]>
              </value>
            </param>
          </params>
          <reporter-output>
          </reporter-output>
        </test-method> <!-- dataDrivenPostUser -->
        <test-method signature="dataDrivenPostUser(java.lang.String,java.lang.String,java.lang.String,java.lang.String,java.lang.String,java.lang.String,java.lang.String,java.lang.String)[pri:1, instance:api.test.DataDrivenTest@33c911a1]" started-at="2023-09-08T21:48:11 IST" name="dataDrivenPostUser" data-provider="AllData" finished-at="2023-09-08T21:48:12 IST" duration-ms="1124" status="PASS">
          <params>
            <param index="0">
              <value>
                <![CDATA[8673009]]>
              </value>
            </param>
            <param index="1">
              <value>
                <![CDATA[hjkhk784884ddkkll]]>
              </value>
            </param>
            <param index="2">
              <value>
                <![CDATA[KKLLyy8]]>
              </value>
            </param>
            <param index="3">
              <value>
                <![CDATA[Lggfhf990]]>
              </value>
            </param>
            <param index="4">
              <value>
                <![CDATA[a@gmail.com]]>
              </value>
            </param>
            <param index="5">
              <value>
                <![CDATA[test@1]]>
              </value>
            </param>
            <param index="6">
              <value>
                <![CDATA[123456789]]>
              </value>
            </param>
            <param index="7">
              <value>
                <![CDATA[1]]>
              </value>
            </param>
          </params>
          <reporter-output>
          </reporter-output>
        </test-method> <!-- dataDrivenPostUser -->
        <test-method signature="dataDrivenPostUser(java.lang.String,java.lang.String,java.lang.String,java.lang.String,java.lang.String,java.lang.String,java.lang.String,java.lang.String)[pri:1, instance:api.test.DataDrivenTest@33c911a1]" started-at="2023-09-08T21:48:12 IST" name="dataDrivenPostUser" data-provider="AllData" finished-at="2023-09-08T21:48:13 IST" duration-ms="1121" status="PASS">
          <params>
            <param index="0">
              <value>
                <![CDATA[8994009]]>
              </value>
            </param>
            <param index="1">
              <value>
                <![CDATA[kkghhgj0004848pp]]>
              </value>
            </param>
            <param index="2">
              <value>
                <![CDATA[PPBBB88]]>
              </value>
            </param>
            <param index="3">
              <value>
                <![CDATA[LL332ddd]]>
              </value>
            </param>
            <param index="4">
              <value>
                <![CDATA[c@gmail.com]]>
              </value>
            </param>
            <param index="5">
              <value>
                <![CDATA[test@3]]>
              </value>
            </param>
            <param index="6">
              <value>
                <![CDATA[333336666]]>
              </value>
            </param>
            <param index="7">
              <value>
                <![CDATA[2]]>
              </value>
            </param>
          </params>
          <reporter-output>
          </reporter-output>
        </test-method> <!-- dataDrivenPostUser -->
        <test-method signature="dataDrivenPostUser(java.lang.String,java.lang.String,java.lang.String,java.lang.String,java.lang.String,java.lang.String,java.lang.String,java.lang.String)[pri:1, instance:api.test.DataDrivenTest@33c911a1]" started-at="2023-09-08T21:48:13 IST" name="dataDrivenPostUser" data-provider="AllData" finished-at="2023-09-08T21:48:14 IST" duration-ms="1051" status="PASS">
          <params>
            <param index="0">
              <value>
                <![CDATA[6773899]]>
              </value>
            </param>
            <param index="1">
              <value>
                <![CDATA[heewwyyy0094477]]>
              </value>
            </param>
            <param index="2">
              <value>
                <![CDATA[RRREE7]]>
              </value>
            </param>
            <param index="3">
              <value>
                <![CDATA[LL7737hhnh]]>
              </value>
            </param>
            <param index="4">
              <value>
                <![CDATA[a@gmail.com]]>
              </value>
            </param>
            <param index="5">
              <value>
                <![CDATA[test@1]]>
              </value>
            </param>
            <param index="6">
              <value>
                <![CDATA[123456789]]>
              </value>
            </param>
            <param index="7">
              <value>
                <![CDATA[1]]>
              </value>
            </param>
          </params>
          <reporter-output>
          </reporter-output>
        </test-method> <!-- dataDrivenPostUser -->
        <test-method signature="dataDrivenPostUser(java.lang.String,java.lang.String,java.lang.String,java.lang.String,java.lang.String,java.lang.String,java.lang.String,java.lang.String)[pri:1, instance:api.test.DataDrivenTest@33c911a1]" started-at="2023-09-08T21:48:14 IST" name="dataDrivenPostUser" data-provider="AllData" finished-at="2023-09-08T21:48:15 IST" duration-ms="1150" status="PASS">
          <params>
            <param index="0">
              <value>
                <![CDATA[88400526]]>
              </value>
            </param>
            <param index="1">
              <value>
                <![CDATA[jdsjdjjdyyer77662]]>
              </value>
            </param>
            <param index="2">
              <value>
                <![CDATA[OOKKK]]>
              </value>
            </param>
            <param index="3">
              <value>
                <![CDATA[LLhghfjhfj88]]>
              </value>
            </param>
            <param index="4">
              <value>
                <![CDATA[c@gmail.com]]>
              </value>
            </param>
            <param index="5">
              <value>
                <![CDATA[test@3]]>
              </value>
            </param>
            <param index="6">
              <value>
                <![CDATA[333336666]]>
              </value>
            </param>
            <param index="7">
              <value>
                <![CDATA[2]]>
              </value>
            </param>
          </params>
          <reporter-output>
          </reporter-output>
        </test-method> <!-- dataDrivenPostUser -->
        <test-method signature="testGetUserByName(java.lang.String)[pri:2, instance:api.test.DataDrivenTest@33c911a1]" started-at="2023-09-08T21:48:15 IST" name="testGetUserByName" data-provider="UserNamesData" finished-at="2023-09-08T21:48:16 IST" duration-ms="1150" status="PASS">
          <params>
            <param index="0">
              <value>
                <![CDATA[jjfjjuue88883kke]]>
              </value>
            </param>
          </params>
          <reporter-output>
          </reporter-output>
        </test-method> <!-- testGetUserByName -->
        <test-method signature="testGetUserByName(java.lang.String)[pri:2, instance:api.test.DataDrivenTest@33c911a1]" started-at="2023-09-08T21:48:16 IST" name="testGetUserByName" data-provider="UserNamesData" finished-at="2023-09-08T21:48:18 IST" duration-ms="1171" status="PASS">
          <params>
            <param index="0">
              <value>
                <![CDATA[fgfgnnhn3434hhg]]>
              </value>
            </param>
          </params>
          <reporter-output>
          </reporter-output>
        </test-method> <!-- testGetUserByName -->
        <test-method signature="testGetUserByName(java.lang.String)[pri:2, instance:api.test.DataDrivenTest@33c911a1]" started-at="2023-09-08T21:48:18 IST" name="testGetUserByName" data-provider="UserNamesData" finished-at="2023-09-08T21:48:19 IST" duration-ms="1189" status="PASS">
          <params>
            <param index="0">
              <value>
                <![CDATA[hjkhk784884ddkkll]]>
              </value>
            </param>
          </params>
          <reporter-output>
          </reporter-output>
        </test-method> <!-- testGetUserByName -->
        <test-method signature="testGetUserByName(java.lang.String)[pri:2, instance:api.test.DataDrivenTest@33c911a1]" started-at="2023-09-08T21:48:19 IST" name="testGetUserByName" data-provider="UserNamesData" finished-at="2023-09-08T21:48:20 IST" duration-ms="1203" status="PASS">
          <params>
            <param index="0">
              <value>
                <![CDATA[kkghhgj0004848pp]]>
              </value>
            </param>
          </params>
          <reporter-output>
          </reporter-output>
        </test-method> <!-- testGetUserByName -->
        <test-method signature="testGetUserByName(java.lang.String)[pri:2, instance:api.test.DataDrivenTest@33c911a1]" started-at="2023-09-08T21:48:20 IST" name="testGetUserByName" data-provider="UserNamesData" finished-at="2023-09-08T21:48:21 IST" duration-ms="1140" status="PASS">
          <params>
            <param index="0">
              <value>
                <![CDATA[heewwyyy0094477]]>
              </value>
            </param>
          </params>
          <reporter-output>
          </reporter-output>
        </test-method> <!-- testGetUserByName -->
        <test-method signature="testGetUserByName(java.lang.String)[pri:2, instance:api.test.DataDrivenTest@33c911a1]" started-at="2023-09-08T21:48:21 IST" name="testGetUserByName" data-provider="UserNamesData" finished-at="2023-09-08T21:48:22 IST" duration-ms="1188" status="PASS">
          <params>
            <param index="0">
              <value>
                <![CDATA[jdsjdjjdyyer77662]]>
              </value>
            </param>
          </params>
          <reporter-output>
          </reporter-output>
        </test-method> <!-- testGetUserByName -->
      </class> <!-- api.test.DataDrivenTest -->
      <class name="api.test.UserTests">
        <test-method is-config="true" signature="setupData()[pri:0, instance:api.test.UserTests@1e66f1f5]" started-at="2023-09-08T21:47:59 IST" name="setupData" finished-at="2023-09-08T21:47:59 IST" duration-ms="236" status="PASS">
          <reporter-output>
          </reporter-output>
        </test-method> <!-- setupData -->
        <test-method signature="testPostUser()[pri:1, instance:api.test.UserTests@1e66f1f5]" started-at="2023-09-08T21:47:59 IST" name="testPostUser" finished-at="2023-09-08T21:48:02 IST" duration-ms="2337" status="PASS">
          <reporter-output>
          </reporter-output>
        </test-method> <!-- testPostUser -->
        <test-method signature="testGetUserByName()[pri:2, instance:api.test.UserTests@1e66f1f5]" started-at="2023-09-08T21:48:02 IST" name="testGetUserByName" finished-at="2023-09-08T21:48:03 IST" duration-ms="1162" status="PASS">
          <reporter-output>
          </reporter-output>
        </test-method> <!-- testGetUserByName -->
        <test-method signature="testUpdateUserByName()[pri:3, instance:api.test.UserTests@1e66f1f5]" started-at="2023-09-08T21:48:03 IST" name="testUpdateUserByName" finished-at="2023-09-08T21:48:05 IST" duration-ms="2272" status="PASS">
          <reporter-output>
          </reporter-output>
        </test-method> <!-- testUpdateUserByName -->
        <test-method signature="testDeleteUserByName()[pri:4, instance:api.test.UserTests@1e66f1f5]" started-at="2023-09-08T21:48:05 IST" name="testDeleteUserByName" finished-at="2023-09-08T21:48:08 IST" duration-ms="2292" status="PASS">
          <reporter-output>
          </reporter-output>
        </test-method> <!-- testDeleteUserByName -->
      </class> <!-- api.test.UserTests -->
    </test> <!-- Test1 -->
  </suite> <!-- ApiSuite -->
</testng-results>
