<?xml version="1.0" encoding="UTF-8"?>
<!-- Generated by org.testng.reporters.JUnitXMLReporter -->
<testsuite ignored="0" hostname="LAPTOP-8USUBBG6" failures="0" tests="16" name="Test1" time="23.251" errors="0" timestamp="2023-09-08T21:48:22 IST">
  <testcase classname="api.test.UserTests" name="testPostUser" time="2.337"/>
  <testcase classname="api.test.UserTests" name="testGetUserByName" time="1.162"/>
  <testcase classname="api.test.UserTests" name="testUpdateUserByName" time="2.272"/>
  <testcase classname="api.test.UserTests" name="testDeleteUserByName" time="2.292"/>
  <testcase classname="api.test.DataDrivenTest" name="dataDrivenPostUser" time="1.096"/>
  <testcase classname="api.test.DataDrivenTest" name="dataDrivenPostUser" time="1.088"/>
  <testcase classname="api.test.DataDrivenTest" name="dataDrivenPostUser" time="1.124"/>
  <testcase classname="api.test.DataDrivenTest" name="dataDrivenPostUser" time="1.121"/>
  <testcase classname="api.test.DataDrivenTest" name="dataDrivenPostUser" time="1.051"/>
  <testcase classname="api.test.DataDrivenTest" name="dataDrivenPostUser" time="1.15"/>
  <testcase classname="api.test.DataDrivenTest" name="testGetUserByName" time="1.15"/>
  <testcase classname="api.test.DataDrivenTest" name="testGetUserByName" time="1.171"/>
  <testcase classname="api.test.DataDrivenTest" name="testGetUserByName" time="1.189"/>
  <testcase classname="api.test.DataDrivenTest" name="testGetUserByName" time="1.203"/>
  <testcase classname="api.test.DataDrivenTest" name="testGetUserByName" time="1.14"/>
  <testcase classname="api.test.DataDrivenTest" name="testGetUserByName" time="1.188"/>
</testsuite> <!-- Test1 -->
